[debug] [2022-02-08T15:04:31.438Z] ----------------------------------------------------------------------
[debug] [2022-02-08T15:04:31.439Z] Command:       C:\Program Files\nodejs\node.exe C:\Users\Naitchi\AppData\Roaming\npm\node_modules\firebase-tools\lib\bin\firebase.js init
[debug] [2022-02-08T15:04:31.440Z] CLI Version:   10.1.5
[debug] [2022-02-08T15:04:31.440Z] Platform:      win32
[debug] [2022-02-08T15:04:31.440Z] Node Version:  v14.9.0
[debug] [2022-02-08T15:04:31.441Z] Time:          Tue Feb 08 2022 16:04:31 GMT+0100 (heure normale d’Europe centrale)
[debug] [2022-02-08T15:04:31.441Z] ----------------------------------------------------------------------
[debug] 
[debug] [2022-02-08T15:04:31.492Z] > command requires scopes: ["email","openid","https://www.googleapis.com/auth/cloudplatformprojects.readonly","https://www.googleapis.com/auth/firebase","https://www.googleapis.com/auth/cloud-platform"]
[debug] [2022-02-08T15:04:31.493Z] > authorizing via signed-in user (assasindu39@gmail.com)
[info] 
     ######## #### ########  ######## ########     ###     ######  ########
     ##        ##  ##     ## ##       ##     ##  ##   ##  ##       ##
     ######    ##  ########  ######   ########  #########  ######  ######
     ##        ##  ##    ##  ##       ##     ## ##     ##       ## ##
     ##       #### ##     ## ######## ########  ##     ##  ######  ########

You're about to initialize a Firebase project in this directory:

  C:\Users\Naitchi\Desktop\projet CV\my-cv

Before we get started, keep in mind:

  * You are initializing within an existing Firebase project directory

[info] 
=== Project Setup
[info] 
[info] First, let's associate this project directory with a Firebase project.
[info] You can create multiple project aliases by running firebase use --add, 
[info] but for now we'll just set up a default project.
[info] 
[debug] [2022-02-08T15:04:36.299Z] Using project from CLI flag: cv-benjaminclairotte
[debug] [2022-02-08T15:04:36.301Z] > refreshing access token with scopes: []
[debug] [2022-02-08T15:04:36.301Z] >>> HTTP REQUEST POST https://www.googleapis.com/oauth2/v3/token  
 <request body omitted>
[debug] [2022-02-08T15:04:36.430Z] <<< HTTP RESPONSE 400 {"expires":"Mon, 01 Jan 1990 00:00:00 GMT","date":"Tue, 08 Feb 2022 15:04:37 GMT","pragma":"no-cache","cache-control":"no-cache, no-store, max-age=0, must-revalidate","content-type":"application/json; charset=utf-8","vary":"X-Origin, Referer, Origin,Accept-Encoding","server":"scaffolding on HTTPServer2","x-xss-protection":"0","x-frame-options":"SAMEORIGIN","x-content-type-options":"nosniff","alt-svc":"h3=\":443\"; ma=2592000,h3-29=\":443\"; ma=2592000,h3-Q050=\":443\"; ma=2592000,h3-Q046=\":443\"; ma=2592000,h3-Q043=\":443\"; ma=2592000,quic=\":443\"; ma=2592000; v=\"46,43\"","accept-ranges":"none","transfer-encoding":"chunked"}
[debug] [2022-02-08T15:04:36.431Z] >>> [apiv2][query] GET https://firebase.googleapis.com/v1beta1/projects/cv-benjaminclairotte [none]
[debug] [2022-02-08T15:04:36.539Z] <<< [apiv2][status] GET https://firebase.googleapis.com/v1beta1/projects/cv-benjaminclairotte 401
[debug] [2022-02-08T15:04:36.539Z] <<< [apiv2][body] GET https://firebase.googleapis.com/v1beta1/projects/cv-benjaminclairotte {"error":{"code":401,"message":"Request had invalid authentication credentials. Expected OAuth 2 access token, login cookie or other valid authentication credential. See https://developers.google.com/identity/sign-in/web/devconsole-project.","status":"UNAUTHENTICATED"}}
[debug] [2022-02-08T15:04:36.539Z] HTTP Error: 401, Request had invalid authentication credentials. Expected OAuth 2 access token, login cookie or other valid authentication credential. See https://developers.google.com/identity/sign-in/web/devconsole-project.
[debug] [2022-02-08T15:04:36.624Z] FirebaseError: HTTP Error: 401, Request had invalid authentication credentials. Expected OAuth 2 access token, login cookie or other valid authentication credential. See https://developers.google.com/identity/sign-in/web/devconsole-project.
    at module.exports (C:\Users\Naitchi\AppData\Roaming\npm\node_modules\firebase-tools\lib\responseToError.js:38:12)
    at RetryOperation._fn (C:\Users\Naitchi\AppData\Roaming\npm\node_modules\firebase-tools\lib\apiv2.js:283:39)
    at processTicksAndRejections (internal/process/task_queues.js:93:5)
[error] 
[error] Error: Failed to get Firebase project cv-benjaminclairotte. Please make sure the project exists and your account has permission to access it.
[debug] [2022-02-08T15:04:52.932Z] ----------------------------------------------------------------------
[debug] [2022-02-08T15:04:52.933Z] Command:       C:\Program Files\nodejs\node.exe C:\Users\Naitchi\AppData\Roaming\npm\node_modules\firebase-tools\lib\bin\firebase.js deploy
[debug] [2022-02-08T15:04:52.933Z] CLI Version:   10.1.5
[debug] [2022-02-08T15:04:52.934Z] Platform:      win32
[debug] [2022-02-08T15:04:52.934Z] Node Version:  v14.9.0
[debug] [2022-02-08T15:04:52.934Z] Time:          Tue Feb 08 2022 16:04:52 GMT+0100 (heure normale d’Europe centrale)
[debug] [2022-02-08T15:04:52.934Z] ----------------------------------------------------------------------
[debug] 
[debug] [2022-02-08T15:04:52.989Z] > command requires scopes: ["email","openid","https://www.googleapis.com/auth/cloudplatformprojects.readonly","https://www.googleapis.com/auth/firebase","https://www.googleapis.com/auth/cloud-platform"]
[debug] [2022-02-08T15:04:52.990Z] > authorizing via signed-in user (assasindu39@gmail.com)
[debug] [2022-02-08T15:04:52.990Z] [iam] checking project cv-benjaminclairotte for permissions ["firebase.projects.get","firebasehosting.sites.update"]
[debug] [2022-02-08T15:04:52.991Z] > refreshing access token with scopes: []
[debug] [2022-02-08T15:04:52.991Z] >>> HTTP REQUEST POST https://www.googleapis.com/oauth2/v3/token  
 <request body omitted>
[debug] [2022-02-08T15:04:53.100Z] <<< HTTP RESPONSE 400 {"expires":"Mon, 01 Jan 1990 00:00:00 GMT","cache-control":"no-cache, no-store, max-age=0, must-revalidate","date":"Tue, 08 Feb 2022 15:04:54 GMT","pragma":"no-cache","content-type":"application/json; charset=utf-8","vary":"X-Origin, Referer, Origin,Accept-Encoding","server":"scaffolding on HTTPServer2","x-xss-protection":"0","x-frame-options":"SAMEORIGIN","x-content-type-options":"nosniff","alt-svc":"h3=\":443\"; ma=2592000,h3-29=\":443\"; ma=2592000,h3-Q050=\":443\"; ma=2592000,h3-Q046=\":443\"; ma=2592000,h3-Q043=\":443\"; ma=2592000,quic=\":443\"; ma=2592000; v=\"46,43\"","accept-ranges":"none","transfer-encoding":"chunked"}
[debug] [2022-02-08T15:04:53.102Z] >>> [apiv2][query] POST https://cloudresourcemanager.googleapis.com/v1/projects/cv-benjaminclairotte:testIamPermissions [none]
[debug] [2022-02-08T15:04:53.102Z] >>> [apiv2][body] POST https://cloudresourcemanager.googleapis.com/v1/projects/cv-benjaminclairotte:testIamPermissions {"permissions":["firebase.projects.get","firebasehosting.sites.update"]}
[debug] [2022-02-08T15:04:53.851Z] <<< [apiv2][status] POST https://cloudresourcemanager.googleapis.com/v1/projects/cv-benjaminclairotte:testIamPermissions 401
[debug] [2022-02-08T15:04:53.851Z] <<< [apiv2][body] POST https://cloudresourcemanager.googleapis.com/v1/projects/cv-benjaminclairotte:testIamPermissions {"error":{"code":401,"message":"Request had invalid authentication credentials. Expected OAuth 2 access token, login cookie or other valid authentication credential. See https://developers.google.com/identity/sign-in/web/devconsole-project.","status":"UNAUTHENTICATED"}}
[debug] [2022-02-08T15:04:53.852Z] [iam] error while checking permissions, command may fail: FirebaseError: HTTP Error: 401, Request had invalid authentication credentials. Expected OAuth 2 access token, login cookie or other valid authentication credential. See https://developers.google.com/identity/sign-in/web/devconsole-project.
[debug] [2022-02-08T15:04:53.852Z] > refreshing access token with scopes: []
[debug] [2022-02-08T15:04:53.852Z] >>> HTTP REQUEST POST https://www.googleapis.com/oauth2/v3/token  
 <request body omitted>
[debug] [2022-02-08T15:04:53.937Z] <<< HTTP RESPONSE 400 {"expires":"Mon, 01 Jan 1990 00:00:00 GMT","pragma":"no-cache","date":"Tue, 08 Feb 2022 15:04:55 GMT","cache-control":"no-cache, no-store, max-age=0, must-revalidate","content-type":"application/json; charset=utf-8","vary":"X-Origin, Referer, Origin,Accept-Encoding","server":"scaffolding on HTTPServer2","x-xss-protection":"0","x-frame-options":"SAMEORIGIN","x-content-type-options":"nosniff","alt-svc":"h3=\":443\"; ma=2592000,h3-29=\":443\"; ma=2592000,h3-Q050=\":443\"; ma=2592000,h3-Q046=\":443\"; ma=2592000,h3-Q043=\":443\"; ma=2592000,quic=\":443\"; ma=2592000; v=\"46,43\"","accept-ranges":"none","transfer-encoding":"chunked"}
[debug] [2022-02-08T15:04:53.938Z] >>> [apiv2][query] GET https://firebase.googleapis.com/v1beta1/projects/cv-benjaminclairotte [none]
[debug] [2022-02-08T15:04:54.023Z] <<< [apiv2][status] GET https://firebase.googleapis.com/v1beta1/projects/cv-benjaminclairotte 401
[debug] [2022-02-08T15:04:54.023Z] <<< [apiv2][body] GET https://firebase.googleapis.com/v1beta1/projects/cv-benjaminclairotte {"error":{"code":401,"message":"Request had invalid authentication credentials. Expected OAuth 2 access token, login cookie or other valid authentication credential. See https://developers.google.com/identity/sign-in/web/devconsole-project.","status":"UNAUTHENTICATED"}}
[debug] [2022-02-08T15:04:54.023Z] HTTP Error: 401, Request had invalid authentication credentials. Expected OAuth 2 access token, login cookie or other valid authentication credential. See https://developers.google.com/identity/sign-in/web/devconsole-project.
[debug] [2022-02-08T15:04:54.108Z] FirebaseError: HTTP Error: 401, Request had invalid authentication credentials. Expected OAuth 2 access token, login cookie or other valid authentication credential. See https://developers.google.com/identity/sign-in/web/devconsole-project.
    at module.exports (C:\Users\Naitchi\AppData\Roaming\npm\node_modules\firebase-tools\lib\responseToError.js:38:12)
    at RetryOperation._fn (C:\Users\Naitchi\AppData\Roaming\npm\node_modules\firebase-tools\lib\apiv2.js:283:39)
    at processTicksAndRejections (internal/process/task_queues.js:93:5)
[error] 
[error] Error: Failed to get Firebase project cv-benjaminclairotte. Please make sure the project exists and your account has permission to access it.
